  Camera2D.cpp
  D2DRenderer.cpp
  D2DTransform.cpp
  DefaultScene.cpp
C:\Users\User\Desktop\김장후\SVN\D2D게임제작_과제\김장후\과제03\12.DrawSolarSystem\DefaultScene.cpp(75,40): warning C4244: '인수': 'int'에서 'float'(으)로 변환하면서 데이터가 손실될 수 있습니다.
C:\Users\User\Desktop\김장후\SVN\D2D게임제작_과제\김장후\과제03\12.DrawSolarSystem\DefaultScene.cpp(75,33): warning C4244: '인수': 'int'에서 'float'(으)로 변환하면서 데이터가 손실될 수 있습니다.
  HierarchicalTransformTestScene.cpp
C:\Users\User\Desktop\김장후\SVN\D2D게임제작_과제\김장후\과제03\12.DrawSolarSystem\HierarchicalTransformTestScene.cpp(263,40): warning C4244: '인수': 'int'에서 'float'(으)로 변환하면서 데이터가 손실될 수 있습니다.
C:\Users\User\Desktop\김장후\SVN\D2D게임제작_과제\김장후\과제03\12.DrawSolarSystem\HierarchicalTransformTestScene.cpp(263,33): warning C4244: '인수': 'int'에서 'float'(으)로 변환하면서 데이터가 손실될 수 있습니다.
  InputManager.cpp
  main.cpp
  MainApp.cpp
  OnlyForTestScene.cpp
  SolarSystemRenderer.cpp
  TMHelper.cpp
  pch.cpp
  TransformPracticeScene.cpp
C:\Users\User\Desktop\김장후\SVN\D2D게임제작_과제\김장후\과제03\12.DrawSolarSystem\TransformPracticeScene.cpp(329,40): warning C4244: '인수': 'int'에서 'float'(으)로 변환하면서 데이터가 손실될 수 있습니다.
C:\Users\User\Desktop\김장후\SVN\D2D게임제작_과제\김장후\과제03\12.DrawSolarSystem\TransformPracticeScene.cpp(329,33): warning C4244: '인수': 'int'에서 'float'(으)로 변환하면서 데이터가 손실될 수 있습니다.
  코드를 생성하고 있습니다.
  Previous IPDB not found, fall back to full compilation.
  All 945 functions were compiled because no usable IPDB/IOBJ from previous compilation was found.
  코드를 생성했습니다.
  12.DrawSolarSystem.vcxproj -> C:\Users\User\Desktop\김장후\SVN\D2D게임제작_과제\김장후\과제03\x64\Release\12.DrawSolarSystem.exe
